
---------------------------------------
{'Far': 0.95, 'Halves': 512.0, 'Max': 512, 'Reuse': True, 'bins': 16.0, 'cliffs': 0.147, 'dump': False, 'eg': 'ALL', 'far': 0.95, 'file': '../../etc/data/auto93.csv', 'go': True, 'help': False, 'min': 0.5, 'p': 2, 'quit': False, 'rest': 4, 'sample': 512, 'seed': 937162211.0}
!!!!!!	PASS	the	True

---------------------------------------
m1= 0.4911523838, m2= 0.4911523838, rounded= 0.5
!!!!!!	PASS	rand	True

---------------------------------------
!!!!!!	PASS	sym	True

---------------------------------------
!!!!!!	PASS	num	True

---------------------------------------
!!!!!!	PASS	csv	True

---------------------------------------
!!!!!!	PASS	duplicate_structure	True

---------------------------------------

y	mid	{ :Lbs- 2970.42 :Acc+ 15.57 :Mpg+ 23.84}
 	div	{ :Lbs- 845.78 :Acc+ 2.75 :Mpg+ 8.33}
x	mid	{ :Clndrs 5.45 :Volume 193.43 :Model 76.01 :origin 1}
 	div	{ :Clndrs 1.7 :Volume 104.14 :Model 3.69 :origin 1.3273558482394003}
!!!!!!	FAIL	t_data	True

---------------------------------------
> 1.0 False
> 1.02 False
> 1.05 False
> 1.08 False
> 1.1 False
> 1.13 True
!!!!!!	PASS	t_cliffs	True

---------------------------------------
{NUM, at: 0, hi: 0.9022161422721422, lo: 0.0, n: 398, txt: test_dist Num}
!!!!!!	PASS	t_dist	True

---------------------------------------
199, 199
{0: (2354.0, 'Lbs-'), 1: (16.46, 'Acc+'), 2: (29.45, 'Mpg+')}
{0: (3586.85, 'Lbs-'), 1: (14.67, 'Acc+'), 2: (18.24, 'Mpg+')}
!!!!!!	PASS	t_half	True

---------------------------------------
398   {0: (2970.42, 'Lbs-'), 1: (15.57, 'Acc+'), 2: (23.84, 'Mpg+')}
|.. 199
|.. |.. 100
|.. |.. |.. 50
|.. |.. |.. |.. 25   {0: (2539.8, 'Lbs-'), 1: (15.68, 'Acc+'), 2: (26.4, 'Mpg+')}
|.. |.. |.. |.. 25   {0: (2289.16, 'Lbs-'), 1: (16.78, 'Acc+'), 2: (26.0, 'Mpg+')}
|.. |.. |.. 50
|.. |.. |.. |.. 25   {0: (2308.0, 'Lbs-'), 1: (16.42, 'Acc+'), 2: (29.6, 'Mpg+')}
|.. |.. |.. |.. 25   {0: (2507.56, 'Lbs-'), 1: (17.78, 'Acc+'), 2: (32.8, 'Mpg+')}
|.. |.. 99
|.. |.. |.. 50
|.. |.. |.. |.. 25   {0: (2426.08, 'Lbs-'), 1: (15.78, 'Acc+'), 2: (29.2, 'Mpg+')}
|.. |.. |.. |.. 25   {0: (2141.88, 'Lbs-'), 1: (16.59, 'Acc+'), 2: (27.2, 'Mpg+')}
|.. |.. |.. 49
|.. |.. |.. |.. 25   {0: (2506.8, 'Lbs-'), 1: (16.33, 'Acc+'), 2: (31.2, 'Mpg+')}
|.. |.. |.. |.. 24   {0: (2078.79, 'Lbs-'), 1: (16.3, 'Acc+'), 2: (33.75, 'Mpg+')}
|.. 199
|.. |.. 100
|.. |.. |.. 50
|.. |.. |.. |.. 25   {0: (4385.48, 'Lbs-'), 1: (10.92, 'Acc+'), 2: (12.4, 'Mpg+')}
|.. |.. |.. |.. 25   {0: (4092.04, 'Lbs-'), 1: (13.0, 'Acc+'), 2: (12.8, 'Mpg+')}
|.. |.. |.. 50
|.. |.. |.. |.. 25   {0: (3976.56, 'Lbs-'), 1: (13.84, 'Acc+'), 2: (19.6, 'Mpg+')}
|.. |.. |.. |.. 25   {0: (4082.96, 'Lbs-'), 1: (13.5, 'Acc+'), 2: (14.4, 'Mpg+')}
|.. |.. 99
|.. |.. |.. 50
|.. |.. |.. |.. 25   {0: (3072.68, 'Lbs-'), 1: (15.6, 'Acc+'), 2: (20.0, 'Mpg+')}
|.. |.. |.. |.. 25   {0: (2573.04, 'Lbs-'), 1: (17.04, 'Acc+'), 2: (24.0, 'Mpg+')}
|.. |.. |.. 49
|.. |.. |.. |.. 25   {0: (3237.44, 'Lbs-'), 1: (16.29, 'Acc+'), 2: (22.0, 'Mpg+')}
|.. |.. |.. |.. 24   {0: (3285.46, 'Lbs-'), 1: (17.33, 'Acc+'), 2: (20.42, 'Mpg+')}
!!!!!!	PASS	t_tree	True

---------------------------------------
all: {0: (2970.42, 'Lbs-'), 1: (15.57, 'Acc+'), 2: (23.84, 'Mpg+')}
best: {0: (2673.08, 'Lbs-'), 1: (16.28, 'Acc+'), 2: (29.23, 'Mpg+')}
rest: {0: (3322.25, 'Lbs-'), 1: (15.46, 'Acc+'), 2: (20.96, 'Mpg+')}
!!!!!!	PASS	t_sway	True

---------------------------------------
[all] best: 13, rest: 52

Clndrs, -inf, 4.0, 0.28, {'best': 13, 'rest': 33}
Clndrs, 4.0, inf, 0.0, {'rest': 19}

Volume, -inf, 90.0, 0.0, {'rest': 7}
Volume, 90.0, 116.0, 0.32, {'best': 6, 'rest': 13}
Volume, 116.0, 140.0, 0.44, {'best': 7, 'rest': 9}
Volume, 140.0, inf, 0.0, {'rest': 23}

Model, -inf, 79.0, 0.0, {'rest': 40}
Model, 79.0, 81.0, 0.2, {'best': 2, 'rest': 8}
Model, 81.0, inf, 0.73, {'best': 11, 'rest': 4}

origin, inf, -inf, 0.33, {'best': 13, 'rest': 27}
origin, inf, -inf, 0.0, {'rest': 19}
origin, inf, -inf, 0.0, {'rest': 6}
!!!!!!	PASS	t_bin	True

---------------------------------------
!!!!!!	PASS	t_resrvoir_sampling	True
!!!!!!	PASS	ALL	True
