
---------------------------------------
{'dump': False, 'eg': 'ALL', 'far': 0.95, 'file': '../../etc/data/auto93.csv', 'go': False, 'help': False, 'min': 0.5, 'p': 2, 'quit': True, 'sample': 512, 'seed': 937162211}
!!!!!!	PASS	the	True

---------------------------------------
m1= 0.0, m2= 0.0, rounded= 0.0
!!!!!!	FAIL	rand	True

---------------------------------------
!!!!!!	PASS	sym	True

---------------------------------------
mid= 1.5714285714285714, div= 0.787
!!!!!!	PASS	num	True

---------------------------------------
!!!!!!	PASS	csv	True

---------------------------------------
!!!!!!	PASS	duplicate_structure	True

---------------------------------------

y	mid	{ :Lbs- 2970.42 :Acc+ 15.57 :Mpg+ 23.84}
 	div	{ :Lbs- 846.84 :Acc+ 2.76 :Mpg+ 8.34}
x	mid	{ :Clndrs 5.45 :Volume 193.43 :Model 76.01 :origin 1}
 	div	{ :Clndrs 1.7 :Volume 104.27 :Model 3.7 :origin 1.3273558482394003}
!!!!!!	PASS	t_data	True

---------------------------------------
0	0.0	['8', '304.0', '193', '4732', '18.5', '70', '1', '10']
50	0.17	['8', '318', '150', '4457', '13.5', '74', '1', '10']
100	0.28	['6', '232', '100', '2901', '16', '74', '1', '20']
150	0.38	['8', '351', '142', '4054', '14.3', '79', '1', '20']
200	0.55	['4', '122', '96', '2300', '15.5', '77', '1', '30']
250	0.68	['4', '119', '82', '2720', '19.4', '82', '1', '30']
300	0.71	['4', '119', '97', '2545', '17', '75', '3', '20']
350	0.79	['4', '146', '67', '3250', '21.8', '80', '2', '30']

!!!!!!	PASS	t_sort_nearest_neighbor	True

---------------------------------------
199	199	398
['4', '90', '48', '1985', '21.5', '78', '2', '40']	0.6393183441778267
['4', '151', '90', '2950', '17.3', '82', '1', '30']
['6', '232', '100', '2634', '13', '71', '1', '20']

!!!!!!	PASS	t_one_level_bi_clustering	True

---------------------------------------
 398 {  :Lbs- 2970.4 :Acc+ 15.6 :Mpg+ 23.8 }
|  199
| |  99
| | |  49
| | | |  24 {  :Lbs- 2237.1 :Acc+ 16.6 :Mpg+ 32.5 }
| | | |  25 {  :Lbs- 2587.0 :Acc+ 16.4 :Mpg+ 26.0 }
| | |  50
| | | |  25 {  :Lbs- 2351.4 :Acc+ 16.3 :Mpg+ 28.4 }
| | | |  25 {  :Lbs- 2621.9 :Acc+ 15.8 :Mpg+ 28.4 }
| |  100
| | |  50
| | | |  25 {  :Lbs- 3308.3 :Acc+ 16.9 :Mpg+ 20.0 }
| | | |  25 {  :Lbs- 3371.4 :Acc+ 17.3 :Mpg+ 20.0 }
| | |  50
| | | |  25 {  :Lbs- 2868.3 :Acc+ 15.8 :Mpg+ 20.0 }
| | | |  25 {  :Lbs- 2367.9 :Acc+ 17.3 :Mpg+ 26.4 }
|  199
| |  99
| | |  49
| | | |  24 {  :Lbs- 3957.6 :Acc+ 12.9 :Mpg+ 14.2 }
| | | |  25 {  :Lbs- 4330.0 :Acc+ 12.6 :Mpg+ 11.6 }
| | |  50
| | | |  25 {  :Lbs- 4353.1 :Acc+ 12.0 :Mpg+ 14.0 }
| | | |  25 {  :Lbs- 3892.0 :Acc+ 14.3 :Mpg+ 19.6 }
| |  100
| | |  50
| | | |  25 {  :Lbs- 2714.0 :Acc+ 14.9 :Mpg+ 24.8 }
| | | |  25 {  :Lbs- 2120.8 :Acc+ 17.2 :Mpg+ 29.6 }
| | |  50
| | | |  25 {  :Lbs- 2111.9 :Acc+ 16.6 :Mpg+ 36.0 }
| | | |  25 {  :Lbs- 2344.2 :Acc+ 16.1 :Mpg+ 30.0 }
!!!!!!	PASS	t_cluster	True

---------------------------------------
 398 {  :Lbs- 2970.4 :Acc+ 15.6 :Mpg+ 23.8 }
|  199
| |  99
| | |  49
| | | |  24 {  :Lbs- 2237.1 :Acc+ 16.6 :Mpg+ 32.5 }
!!!!!!	PASS	t_sway	True
!!!!!!	PASS	ALL	True
