
---------------------------------------
{'dump': False, 'eg': 'ALL', 'file': '../../etc/data/auto93.csv', 'go': True, 'help': False, 'quit': False, 'seed': 937162211}
!!!!!!	PASS	the	True

---------------------------------------
m1= 0.4908828874, m2= 0.4908828874, rounded= 0.5
!!!!!!	PASS	rand	True

---------------------------------------
mid= a, div= 1.379
!!!!!!	PASS	sym	True

---------------------------------------
mid= 1.5714285714285714, div= 0.787
!!!!!!	PASS	num	True

---------------------------------------
!!!!!!	FAIL	data	True

---------------------------------------
!!!!!!	PASS	csv	True

---------------------------------------

y	mid	{ :Lbs- 2970.42 :Acc+ 15.57 :Mpg+ 23.84}
 	div	{ :Lbs- 846.84 :Acc+ 2.76 :Mpg+ 8.34}
x	mid	{ :Clndrs 5.45 :Volume 193.43 :Model 76.01 :origin 1}
 	div	{ :Clndrs 1.7 :Volume 104.27 :Model 3.7 :origin 1.3273558482394003}
!!!!!!	PASS	stats	True
!!!!!!	PASS	ALL	True
