
---------------------------------------
{'Far': 0.95, 'Halves': 512.0, 'Max': 512, 'Reuse': True, 'bins': 16.0, 'bootstrap': 512, 'cliffs': 0.4, 'cohen': 0.35, 'conf': 0.05, 'dump': False, 'eg': 'ALL', 'far': 0.95, 'file': '../../etc/data/auto93.csv', 'go': True, 'help': False, 'min': 0.5, 'p': 2, 'quit': False, 'rest': 4, 'sample': 512, 'seed': 937162211.0, 'Fmt': '%6.2f', 'width': 40}
!!!!!!	PASS	the	True

---------------------------------------
None
!!!!!!	PASS	ok	True

---------------------------------------
	ddcde
	beaad
	eabbc
	dccae
	dbbec
	cdeba
	ddeed
	ccdaa
	ebeed
!!!!!!	PASS	sample	True

---------------------------------------
10 5.5 3.0276503540974917
!!!!!!	PASS	num	True

---------------------------------------
	 10000 9.982013263715084 2.0239958650653382
!!!!!!	PASS	gauss	True

---------------------------------------
	mu	sd	cliffs	boot	both
	--	--	------	----	----
	10.0	1	False	False	False
	10.1	1	False	False	False
	10.2	1	False	True	False
	10.3	1	False	True	False
	10.4	1	False	False	False
	10.5	1	False	False	False
	10.6	1	False	False	False
	10.7	1	False	False	False
	10.8	1	False	False	False
	10.9	1	False	False	False
	11.0	1	False	False	False
!!!!!!	PASS	bootstrap	True

---------------------------------------
		True	True	True
		False	False	False
		False	False	False
!!!!!!	PASS	basic	True

---------------------------------------
eg3
	1.00	True	True	True
	1.05	True	False	True
	1.10	False	False	True
	1.15	False	False	True
	1.20	False	False	True
	1.25	False	False	True
	1.30	False	False	True
	1.35	False	False	True
	1.40	False	False	True
	1.45	False	False	True
!!!!!!	PASS	pre	True

---------------------------------------
rx5 1 -----    *-----    |                     {   0.10},   0.20,   0.30,   0.30,   0.40 }
rx3 0   -----     *--    |                     {   0.15},   0.25,   0.35,   0.35,   0.40 }
rx1 0             -------|*----                {   0.34},   0.49,   0.51,   0.51,   0.60 }
rx2 3                    |     -----     *---- {   0.60},   0.70,   0.80,   0.80,   0.90 }
rx4 0                    |     -----     *---- {   0.60},   0.70,   0.80,   0.80,   0.90 }
!!!!!!	PASS	five	True

---------------------------------------
rx1 1 ----------         |*                    {  99.00},  99.50, 100.00, 101.00, 101.00 }
rx2 1 -------------------|*                    {  99.00}, 100.00, 100.00, 101.00, 101.00 }
rx3 1 ----------         |*                    {  99.00},  99.50, 100.00, 101.00, 101.00 }
rx4 0 -------------------|*                    {  99.00}, 100.00, 100.00, 101.00, 101.00 }
!!!!!!	PASS	six	True

---------------------------------------
 rx0    *               |                     {   8.75},   9.47,   9.99,  10.52,  11.24 }
 rx6    *               |                     {   8.72},   9.47,  10.01,  10.60,  11.30 }
 rx5    *               |                     {   8.57},   9.44,  10.03,  10.61,  11.22 }
 rx9    *               |                     {   8.64},   9.49,  10.03,  10.56,  11.30 }
 rx1   -*               |                     {   8.89},   9.58,  10.10,  10.60,  11.47 }
 rx2            -*-     |                     {  18.72},  19.46,  19.99,  20.51,  21.27 }
 rx3                    |  *                  {  28.79},  29.58,  30.05,  30.59,  31.37 }
 rx4                    |  *                  {  28.84},  29.55,  30.10,  30.60,  31.32 }
 rx7                    |          -*-        {  38.68},  39.51,  39.99,  40.56,  41.25 }
 rx8                    |        -- * --      {  36.13},  38.34,  40.00,  41.69,  43.95 }
!!!!!!	PASS	tiles	True

---------------------------------------
 1 rx0  - *               |                     {   8.76},   9.44,   9.94,  10.46,  11.19 }
 1 rx5  - *               |                     {   8.73},   9.44,   9.98,  10.49,  11.25 }
 1 rx6  - *               |                     {   8.66},   9.44,  10.03,  10.52,  11.24 }
 1 rx1    *               |                     {   8.85},   9.55,  10.09,  10.62,  11.43 }
 0 rx9  - *               |                     {   8.74},   9.55,  10.12,  10.64,  11.52 }
 0 rx2             *      |                     {  18.68},  19.49,  20.02,  20.54,  21.26 }
 3 rx3                    |-*                   {  28.69},  29.46,  29.95,  30.49,  31.30 }
 0 rx4                    |-*                   {  28.85},  29.66,  30.13,  30.66,  31.39 }
 4 rx8                    |       -- * --       {  35.98},  38.23,  39.76,  41.38,  43.55 }
 0 rx7                    |         -*          {  38.77},  39.46,  39.98,  40.53,  41.22 }
!!!!!!	PASS	sk	True
!!!!!!	PASS	ALL	True
